<?xml version="1.0" encoding="UTF-8"?>
<testng-results ignored="0" total="1" passed="1" failed="0" skipped="0">
  <reporter-output>
  </reporter-output>
  <suite started-at="2022-05-23T10:50:22 IST" name="Default Suite" finished-at="2022-05-23T10:50:22 IST" duration-ms="196">
    <groups>
    </groups>
    <test started-at="2022-05-23T10:50:22 IST" name="Maven930Batch" finished-at="2022-05-23T10:50:22 IST" duration-ms="196">
      <class name="extendsreports.ExtendsReportExample">
        <test-method signature="verifyTest1()[pri:0, instance:extendsreports.ExtendsReportExample@7502291e]" started-at="2022-05-23T10:50:22 IST" name="verifyTest1" finished-at="2022-05-23T10:50:22 IST" duration-ms="50" status="PASS">
          <reporter-output>
          </reporter-output>
        </test-method> <!-- verifyTest1 -->
      </class> <!-- extendsreports.ExtendsReportExample -->
    </test> <!-- Maven930Batch -->
  </suite> <!-- Default Suite -->
</testng-results>
